<?xml version="1.0" encoding="UTF-8"?>
<!-- Generated by org.testng.reporters.JUnitReportReporter -->
<testsuite hostname="DESKTOP-C2SBJMT" failures="0" tests="2" name="testNG.Chrome" time="21.051" errors="0" timestamp="2023-07-26T13:26:08 IST" skipped="0">
  <testcase classname="testNG.Chrome" name="w" time="6.180"/>
  <testcase classname="testNG.Chrome" name="open" time="14.871"/>
</testsuite> <!-- testNG.Chrome -->
